<?xml version="1.0" encoding="UTF-8"?>
<coverage generated="1705957286326" clover="3.2.0">
  <project timestamp="1705957286326" name="All files">
    <metrics statements="31" coveredstatements="27" conditionals="6" coveredconditionals="5" methods="11" coveredmethods="8" elements="48" coveredelements="40" complexity="0" loc="31" ncloc="31" packages="2" files="2" classes="2"/>
    <package name="src">
      <metrics statements="17" coveredstatements="17" conditionals="4" coveredconditionals="4" methods="5" coveredmethods="5"/>
      <file name="calcula-valor.js" path="C:\Users\Aninha\Documents\git\tdd-exemplo\calcula-valor\src\calcula-valor.js">
        <metrics statements="17" coveredstatements="17" conditionals="4" coveredconditionals="4" methods="5" coveredmethods="5"/>
        <line num="2" count="2" type="stmt"/>
        <line num="3" count="2" type="stmt"/>
        <line num="4" count="2" type="stmt"/>
        <line num="8" count="26" type="stmt"/>
        <line num="12" count="5" type="stmt"/>
        <line num="13" count="5" type="stmt"/>
        <line num="14" count="10" type="stmt"/>
        <line num="15" count="5" type="stmt"/>
        <line num="16" count="5" type="cond" truecount="2" falsecount="0"/>
        <line num="17" count="5" type="cond" truecount="2" falsecount="0"/>
        <line num="18" count="5" type="stmt"/>
        <line num="19" count="4" type="stmt"/>
        <line num="20" count="14" type="stmt"/>
        <line num="21" count="4" type="stmt"/>
        <line num="22" count="4" type="stmt"/>
        <line num="24" count="5" type="stmt"/>
        <line num="27" count="1" type="stmt"/>
      </file>
    </package>
    <package name="test">
      <metrics statements="14" coveredstatements="10" conditionals="2" coveredconditionals="1" methods="6" coveredmethods="3"/>
      <file name="extensoes.js" path="C:\Users\Aninha\Documents\git\tdd-exemplo\calcula-valor\test\extensoes.js">
        <metrics statements="14" coveredstatements="10" conditionals="2" coveredconditionals="1" methods="6" coveredmethods="3"/>
        <line num="1" count="1" type="stmt"/>
        <line num="3" count="1" type="stmt"/>
        <line num="5" count="4" type="stmt"/>
        <line num="6" count="2" type="stmt"/>
        <line num="8" count="2" type="stmt"/>
        <line num="9" count="0" type="stmt"/>
        <line num="15" count="2" type="stmt"/>
        <line num="16" count="4" type="stmt"/>
        <line num="17" count="4" type="stmt"/>
        <line num="19" count="4" type="cond" truecount="1" falsecount="1"/>
        <line num="20" count="0" type="stmt"/>
        <line num="21" count="0" type="stmt"/>
        <line num="27" count="2" type="stmt"/>
        <line num="28" count="0" type="stmt"/>
      </file>
    </package>
  </project>
</coverage>
