{"C:\\Users\\Aninha\\Documents\\git\\tdd-exemplo\\calcula-valor\\src\\calcula-valor.js": {"path":"C:\\Users\\Aninha\\Documents\\git\\tdd-exemplo\\calcula-valor\\src\\calcula-valor.js","statementMap":{"0":{"start":{"line":2,"column":17},"end":{"line":2,"column":60}},"1":{"start":{"line":3,"column":2},"end":{"line":3,"column":33}},"2":{"start":{"line":4,"column":2},"end":{"line":4,"column":17}},"3":{"start":{"line":8,"column":2},"end":{"line":8,"column":57}},"4":{"start":{"line":12,"column":24},"end":{"line":12,"column":61}},"5":{"start":{"line":13,"column":20},"end":{"line":13,"column":61}},"6":{"start":{"line":14,"column":23},"end":{"line":14,"column":72}},"7":{"start":{"line":14,"column":58},"end":{"line":14,"column":71}},"8":{"start":{"line":15,"column":18},"end":{"line":15,"column":55}},"9":{"start":{"line":16,"column":16},"end":{"line":16,"column":38}},"10":{"start":{"line":17,"column":10},"end":{"line":17,"column":50}},"11":{"start":{"line":18,"column":2},"end":{"line":23,"column":3}},"12":{"start":{"line":19,"column":4},"end":{"line":19,"column":60}},"13":{"start":{"line":20,"column":4},"end":{"line":20,"column":70}},"14":{"start":{"line":20,"column":56},"end":{"line":20,"column":69}},"15":{"start":{"line":21,"column":4},"end":{"line":21,"column":53}},"16":{"start":{"line":22,"column":4},"end":{"line":22,"column":14}},"17":{"start":{"line":24,"column":2},"end":{"line":24,"column":19}},"18":{"start":{"line":27,"column":0},"end":{"line":27,"column":70}}},"fnMap":{"0":{"name":"calcularMontante","decl":{"start":{"line":1,"column":9},"end":{"line":1,"column":25}},"loc":{"start":{"line":1,"column":50},"end":{"line":5,"column":1}},"line":1},"1":{"name":"arredondar","decl":{"start":{"line":7,"column":9},"end":{"line":7,"column":19}},"loc":{"start":{"line":7,"column":27},"end":{"line":9,"column":1}},"line":7},"2":{"name":"calcularPrestacoes","decl":{"start":{"line":11,"column":9},"end":{"line":11,"column":27}},"loc":{"start":{"line":11,"column":54},"end":{"line":25,"column":1}},"line":11},"3":{"name":"(anonymous_3)","decl":{"start":{"line":14,"column":40},"end":{"line":14,"column":41}},"loc":{"start":{"line":14,"column":58},"end":{"line":14,"column":71}},"line":14},"4":{"name":"(anonymous_4)","decl":{"start":{"line":20,"column":38},"end":{"line":20,"column":39}},"loc":{"start":{"line":20,"column":56},"end":{"line":20,"column":69}},"line":20}},"branchMap":{"0":{"loc":{"start":{"line":16,"column":16},"end":{"line":16,"column":38}},"type":"cond-expr","locations":[{"start":{"line":16,"column":32},"end":{"line":16,"column":33}},{"start":{"line":16,"column":36},"end":{"line":16,"column":38}}],"line":16},"1":{"loc":{"start":{"line":17,"column":10},"end":{"line":17,"column":50}},"type":"cond-expr","locations":[{"start":{"line":17,"column":26},"end":{"line":17,"column":27}},{"start":{"line":17,"column":30},"end":{"line":17,"column":50}}],"line":17}},"s":{"0":2,"1":2,"2":2,"3":26,"4":5,"5":5,"6":5,"7":10,"8":5,"9":5,"10":5,"11":5,"12":4,"13":4,"14":14,"15":4,"16":4,"17":5,"18":1},"f":{"0":2,"1":26,"2":5,"3":10,"4":14},"b":{"0":[2,3],"1":[2,3]},"_coverageSchema":"1a1c01bbd47fc00a2c39e90264f33305004495a9","hash":"8aa579e3d5f2dc952b643536cebc8065987de0f4"}
,"C:\\Users\\Aninha\\Documents\\git\\tdd-exemplo\\calcula-valor\\test\\extensoes.js": {"path":"C:\\Users\\Aninha\\Documents\\git\\tdd-exemplo\\calcula-valor\\test\\extensoes.js","statementMap":{"0":{"start":{"line":1,"column":21},"end":{"line":1,"column":55}},"1":{"start":{"line":3,"column":0},"end":{"line":32,"column":2}},"2":{"start":{"line":5,"column":21},"end":{"line":5,"column":91}},"3":{"start":{"line":5,"column":76},"end":{"line":5,"column":89}},"4":{"start":{"line":6,"column":19},"end":{"line":6,"column":61}},"5":{"start":{"line":8,"column":4},"end":{"line":11,"column":5}},"6":{"start":{"line":9,"column":21},"end":{"line":9,"column":66}},"7":{"start":{"line":15,"column":4},"end":{"line":25,"column":5}},"8":{"start":{"line":15,"column":21},"end":{"line":15,"column":22}},"9":{"start":{"line":16,"column":16},"end":{"line":16,"column":25}},"10":{"start":{"line":17,"column":6},"end":{"line":17,"column":59}},"11":{"start":{"line":19,"column":6},"end":{"line":24,"column":7}},"12":{"start":{"line":20,"column":8},"end":{"line":23,"column":9}},"13":{"start":{"line":21,"column":25},"end":{"line":21,"column":66}},"14":{"start":{"line":27,"column":4},"end":{"line":30,"column":5}},"15":{"start":{"line":28,"column":21},"end":{"line":28,"column":62}}},"fnMap":{"0":{"name":"(anonymous_0)","decl":{"start":{"line":4,"column":2},"end":{"line":4,"column":3}},"loc":{"start":{"line":4,"column":37},"end":{"line":12,"column":3}},"line":4},"1":{"name":"(anonymous_1)","decl":{"start":{"line":5,"column":58},"end":{"line":5,"column":59}},"loc":{"start":{"line":5,"column":76},"end":{"line":5,"column":89}},"line":5},"2":{"name":"(anonymous_2)","decl":{"start":{"line":9,"column":15},"end":{"line":9,"column":16}},"loc":{"start":{"line":9,"column":21},"end":{"line":9,"column":66}},"line":9},"3":{"name":"(anonymous_3)","decl":{"start":{"line":14,"column":2},"end":{"line":14,"column":3}},"loc":{"start":{"line":14,"column":25},"end":{"line":31,"column":3}},"line":14},"4":{"name":"(anonymous_4)","decl":{"start":{"line":21,"column":19},"end":{"line":21,"column":20}},"loc":{"start":{"line":21,"column":25},"end":{"line":21,"column":66}},"line":21},"5":{"name":"(anonymous_5)","decl":{"start":{"line":28,"column":15},"end":{"line":28,"column":16}},"loc":{"start":{"line":28,"column":21},"end":{"line":28,"column":62}},"line":28}},"branchMap":{"0":{"loc":{"start":{"line":19,"column":6},"end":{"line":24,"column":7}},"type":"if","locations":[{"start":{"line":19,"column":6},"end":{"line":24,"column":7}},{"start":{},"end":{}}],"line":19}},"s":{"0":1,"1":1,"2":2,"3":4,"4":2,"5":2,"6":0,"7":2,"8":2,"9":4,"10":4,"11":4,"12":0,"13":0,"14":2,"15":0},"f":{"0":2,"1":4,"2":0,"3":2,"4":0,"5":0},"b":{"0":[0,4]},"_coverageSchema":"1a1c01bbd47fc00a2c39e90264f33305004495a9","hash":"e4e3885d47e21ef248c4b8beec1132cf75996423"}
}
