{"C:\\Users\\Aninha\\Documents\\git\\tdd-exemplo\\calcula-valor\\src\\calcula-valor.js": {"path":"C:\\Users\\Aninha\\Documents\\git\\tdd-exemplo\\calcula-valor\\src\\calcula-valor.js","statementMap":{"0":{"start":{"line":2,"column":17},"end":{"line":2,"column":60}},"1":{"start":{"line":3,"column":2},"end":{"line":3,"column":17}},"2":{"start":{"line":6,"column":0},"end":{"line":6,"column":37}}},"fnMap":{"0":{"name":"calcularMontante","decl":{"start":{"line":1,"column":9},"end":{"line":1,"column":25}},"loc":{"start":{"line":1,"column":50},"end":{"line":4,"column":1}},"line":1}},"branchMap":{},"s":{"0":1,"1":1,"2":1},"f":{"0":1},"b":{},"_coverageSchema":"1a1c01bbd47fc00a2c39e90264f33305004495a9","hash":"cb5cf744239bedad7aea74cc5fe46bd989466337"}
}
